00:09:06.169 [main] DEBUG java.lang.Class - Browser got launched
00:09:09.452 [main] DEBUG java.lang.Class - Navigated to application URL
00:09:10.014 [main] DEBUG java.lang.Class - Email addressed got entered
00:09:10.143 [main] DEBUG java.lang.Class - Password got entered
00:09:10.668 [main] DEBUG java.lang.Class - Clicked on Login Button
00:09:10.772 [main] DEBUG java.lang.Class - User got logged in
00:09:11.005 [main] DEBUG java.lang.Class - Browser got closed
00:09:14.815 [main] DEBUG java.lang.Class - Browser got launched
00:09:18.576 [main] DEBUG java.lang.Class - Navigated to application URL
00:09:19.098 [main] DEBUG java.lang.Class - Email addressed got entered
00:09:19.228 [main] DEBUG java.lang.Class - Password got entered
00:09:19.521 [main] DEBUG java.lang.Class - Clicked on Login Button
00:09:29.563 [main] DEBUG java.lang.Class - User didn't log in
00:09:29.866 [main] DEBUG java.lang.Class - Browser got closed
00:18:24.731 [main] DEBUG java.lang.Class - Browser got launched
00:18:31.821 [main] DEBUG java.lang.Class - Navigated to application URL
00:18:32.590 [main] DEBUG java.lang.Class - Email addressed got entered
00:18:32.763 [main] DEBUG java.lang.Class - Password got entered
00:18:33.221 [main] DEBUG java.lang.Class - Clicked on Login Button
00:18:33.350 [main] DEBUG java.lang.Class - User got logged in
00:18:33.787 [main] DEBUG java.lang.Class - Browser got closed
00:18:39.769 [main] DEBUG java.lang.Class - Browser got launched
00:18:43.467 [main] DEBUG java.lang.Class - Navigated to application URL
00:18:43.973 [main] DEBUG java.lang.Class - Email addressed got entered
00:18:44.102 [main] DEBUG java.lang.Class - Password got entered
00:18:44.438 [main] DEBUG java.lang.Class - Clicked on Login Button
00:18:54.461 [main] DEBUG java.lang.Class - User didn't log in
00:18:54.876 [main] DEBUG java.lang.Class - Browser got closed
00:21:37.637 [main] DEBUG java.lang.Class - Browser got launched
00:21:42.388 [main] DEBUG java.lang.Class - Navigated to application URL
00:21:43.011 [main] DEBUG java.lang.Class - Email addressed got entered
00:21:43.161 [main] DEBUG java.lang.Class - Password got entered
00:21:43.561 [main] DEBUG java.lang.Class - Clicked on Login Button
00:21:43.686 [main] DEBUG java.lang.Class - User got logged in
00:21:44.348 [main] DEBUG java.lang.Class - Browser got closed
00:21:48.217 [main] DEBUG java.lang.Class - Browser got launched
00:21:54.478 [main] DEBUG java.lang.Class - Navigated to application URL
00:21:55.281 [main] DEBUG java.lang.Class - Email addressed got entered
00:21:55.419 [main] DEBUG java.lang.Class - Password got entered
00:21:55.734 [main] DEBUG java.lang.Class - Clicked on Login Button
00:22:05.786 [main] DEBUG java.lang.Class - User didn't log in
00:22:06.071 [main] DEBUG java.lang.Class - Browser got closed
00:31:19.038 [TestNG-tests-4] DEBUG java.lang.Class - Browser got launched
00:31:38.507 [TestNG-tests-4] DEBUG java.lang.Class - Navigated to application URL
00:31:40.127 [TestNG-tests-4] DEBUG java.lang.Class - Email addressed got entered
00:31:40.308 [TestNG-tests-4] DEBUG java.lang.Class - Password got entered
00:31:41.395 [TestNG-tests-4] DEBUG java.lang.Class - Clicked on Login Button
00:31:41.517 [TestNG-tests-4] DEBUG java.lang.Class - User got logged in
00:31:46.328 [TestNG-tests-4] DEBUG java.lang.Class - Browser got closed
00:31:53.754 [TestNG-tests-4] DEBUG java.lang.Class - Browser got launched
00:32:01.986 [TestNG-tests-4] DEBUG java.lang.Class - Navigated to application URL
00:32:02.950 [TestNG-tests-4] DEBUG java.lang.Class - Email addressed got entered
00:32:03.096 [TestNG-tests-4] DEBUG java.lang.Class - Password got entered
00:32:03.364 [TestNG-tests-4] DEBUG java.lang.Class - Clicked on Login Button
00:32:13.435 [TestNG-tests-4] DEBUG java.lang.Class - User didn't log in
00:32:13.602 [TestNG-tests-4] DEBUG java.lang.Class - Browser got closed
